<html>
<head>
<title>TestNG:  Test</title>
<link href="../testng.css" rel="stylesheet" type="text/css" />
<link href="../my-testng.css" rel="stylesheet" type="text/css" />

<style type="text/css">
.log { display: none;} 
.stack-trace { display: none;} 
</style>
<script type="text/javascript">
<!--
function flip(e) {
  current = e.style.display;
  if (current == 'block') {
    e.style.display = 'none';
    return 0;
  }
  else {
    e.style.display = 'block';
    return 1;
  }
}

function toggleBox(szDivId, elem, msg1, msg2)
{
  var res = -1;  if (document.getElementById) {
    res = flip(document.getElementById(szDivId));
  }
  else if (document.all) {
    // this is the way old msie versions work
    res = flip(document.all[szDivId]);
  }
  if(elem) {
    if(res == 0) elem.innerHTML = msg1; else elem.innerHTML = msg2;
  }

}

function toggleAllBoxes() {
  if (document.getElementsByTagName) {
    d = document.getElementsByTagName('div');
    for (i = 0; i < d.length; i++) {
      if (d[i].className == 'log') {
        flip(d[i]);
      }
    }
  }
}

// -->
</script>

</head>
<body>
<h2 align='center'>Test</h2><table border='1' align="center">
<tr>
<td>Tests passed/Failed/Skipped:</td><td>13/1/0</td>
</tr><tr>
<td>Started on:</td><td>Mon Mar 24 20:49:58 IST 2025</td>
</tr>
<tr><td>Total time:</td><td>146 seconds (146800 ms)</td>
</tr><tr>
<td>Included groups:</td><td></td>
</tr><tr>
<td>Excluded groups:</td><td></td>
</tr>
</table><p/>
<small><i>(Hover the method name to see the test class name)</i></small><p/>
<table width='100%' border='1' class='invocation-failed'>
<tr><td colspan='4' align='center'><b>FAILED TESTS</b></td></tr>
<tr><td><b>Test method</b></td>
<td><b>Attribute(s)</b></td>
<td width="30%"><b>Exception</b></td>
<td width="10%"><b>Time (seconds)</b></td>
<td><b>Instance</b></td>
</tr>
<tr>
<td title='test.TC_003CartTest.pdoductfunctionality()'><b>pdoductfunctionality</b><br>Test class: test.TC_003CartTest</td>
<td><div><pre>org.openqa.selenium.StaleElementReferenceException: stale element reference: stale element not found in the current frame
  (Session info: chrome=134.0.6998.118)
For documentation on this error, please visit: https://www.selenium.dev/documentation/webdriver/troubleshooting/errors#stale-element-reference-exception
Build info: version: &apos;4.28.0&apos;, revision: &apos;ac342546e9&apos;
System info: os.name: &apos;Windows 11&apos;, os.arch: &apos;amd64&apos;, os.version: &apos;10.0&apos;, java.version: &apos;21.0.5&apos;
Driver info: org.openqa.selenium.chrome.ChromeDriver
Command: [e3c29420704a99c5b37cc5c3b92c0b40, clickElement {id=f.34CDCCF564C42E61BF582E8C90912AE1.d.BF381701FD366B124F2796FBE565FEE5.e.237}]
Capabilities {acceptInsecureCerts: false, browserName: chrome, browserVersion: 134.0.6998.118, chrome: {chromedriverVersion: 134.0.6998.165 (fd886e2cb29..., userDataDir: C:\Users\srije\AppData\Loca...}, fedcm:accounts: true, goog:chromeOptions: {debuggerAddress: localhost:64174}, networkConnectionEnabled: false, pageLoadStrategy: normal, platformName: windows, proxy: Proxy(), se:cdp: ws://localhost:64174/devtoo..., se:cdpVersion: 134.0.6998.118, setWindowRect: true, strictFileInteractability: false, timeouts: {implicit: 0, pageLoad: 300000, script: 30000}, unhandledPromptBehavior: dismiss and notify, webauthn:extension:credBlob: true, webauthn:extension:largeBlob: true, webauthn:extension:minPinLength: true, webauthn:extension:prf: true, webauthn:virtualAuthenticators: true}
Element: [[ChromeDriver: chrome on windows (e3c29420704a99c5b37cc5c3b92c0b40)] -&gt; link text: Sony vaio i7]
Session ID: e3c29420704a99c5b37cc5c3b92c0b40
	at org.openqa.selenium.remote.ErrorCodec.decode(ErrorCodec.java:167)
	at org.openqa.selenium.remote.codec.w3c.W3CHttpResponseCodec.decode(W3CHttpResponseCodec.java:138)
	at org.openqa.selenium.remote.codec.w3c.W3CHttpResponseCodec.decode(W3CHttpResponseCodec.java:50)
	at org.openqa.selenium.remote.HttpCommandExecutor.execute(HttpCommandExecutor.java:215)
	at org.openqa.selenium.remote.service.DriverCommandExecutor.invokeExecute(DriverCommandExecutor.java:216)
	at org.openqa.selenium.remote.service.DriverCommandExecutor.execute(DriverCommandExecutor.java:174)
	at org.openqa.selenium.remote.RemoteWebDriver.execute(RemoteWebDriver.java:545)
	at org.openqa.selenium.remote.RemoteWebElement.execute(RemoteWebElement.java:223)
	at org.openqa.selenium.remote.RemoteWebElement.click(RemoteWebElement.java:76)
	at org.openqa.selenium.support.pagefactory.internal.LocatingElementHandler.invoke(LocatingElementHandler.java:51)
	at jdk.proxy2/jdk.proxy2.$Proxy19.click(Unknown Source)
	at pages.HomePage.selectLaptop(HomePage.java:77)
	at test.TC_003CartTest.pdoductfunctionality(TC_003CartTest.java:37)
	at java.base/java.util.ArrayList.forEach(ArrayList.java:1596)
... Removed 30 stack frames</pre></div><a href='#' onClick='toggleBox("stack-trace2146285461", this, "Click to show all stack frames", "Click to hide stack frames")'>Click to show all stack frames</a>
<div class='stack-trace' id='stack-trace2146285461'><pre>org.openqa.selenium.StaleElementReferenceException: stale element reference: stale element not found in the current frame
  (Session info: chrome=134.0.6998.118)
For documentation on this error, please visit: https://www.selenium.dev/documentation/webdriver/troubleshooting/errors#stale-element-reference-exception
Build info: version: &apos;4.28.0&apos;, revision: &apos;ac342546e9&apos;
System info: os.name: &apos;Windows 11&apos;, os.arch: &apos;amd64&apos;, os.version: &apos;10.0&apos;, java.version: &apos;21.0.5&apos;
Driver info: org.openqa.selenium.chrome.ChromeDriver
Command: [e3c29420704a99c5b37cc5c3b92c0b40, clickElement {id=f.34CDCCF564C42E61BF582E8C90912AE1.d.BF381701FD366B124F2796FBE565FEE5.e.237}]
Capabilities {acceptInsecureCerts: false, browserName: chrome, browserVersion: 134.0.6998.118, chrome: {chromedriverVersion: 134.0.6998.165 (fd886e2cb29..., userDataDir: C:\Users\srije\AppData\Loca...}, fedcm:accounts: true, goog:chromeOptions: {debuggerAddress: localhost:64174}, networkConnectionEnabled: false, pageLoadStrategy: normal, platformName: windows, proxy: Proxy(), se:cdp: ws://localhost:64174/devtoo..., se:cdpVersion: 134.0.6998.118, setWindowRect: true, strictFileInteractability: false, timeouts: {implicit: 0, pageLoad: 300000, script: 30000}, unhandledPromptBehavior: dismiss and notify, webauthn:extension:credBlob: true, webauthn:extension:largeBlob: true, webauthn:extension:minPinLength: true, webauthn:extension:prf: true, webauthn:virtualAuthenticators: true}
Element: [[ChromeDriver: chrome on windows (e3c29420704a99c5b37cc5c3b92c0b40)] -&gt; link text: Sony vaio i7]
Session ID: e3c29420704a99c5b37cc5c3b92c0b40
	at java.base/jdk.internal.reflect.DirectConstructorHandleAccessor.newInstance(DirectConstructorHandleAccessor.java:62)
	at java.base/java.lang.reflect.Constructor.newInstanceWithCaller(Constructor.java:502)
	at java.base/java.lang.reflect.Constructor.newInstance(Constructor.java:486)
	at org.openqa.selenium.remote.ErrorCodec.decode(ErrorCodec.java:167)
	at org.openqa.selenium.remote.codec.w3c.W3CHttpResponseCodec.decode(W3CHttpResponseCodec.java:138)
	at org.openqa.selenium.remote.codec.w3c.W3CHttpResponseCodec.decode(W3CHttpResponseCodec.java:50)
	at org.openqa.selenium.remote.HttpCommandExecutor.execute(HttpCommandExecutor.java:215)
	at org.openqa.selenium.remote.service.DriverCommandExecutor.invokeExecute(DriverCommandExecutor.java:216)
	at org.openqa.selenium.remote.service.DriverCommandExecutor.execute(DriverCommandExecutor.java:174)
	at org.openqa.selenium.remote.RemoteWebDriver.execute(RemoteWebDriver.java:545)
	at org.openqa.selenium.remote.RemoteWebElement.execute(RemoteWebElement.java:223)
	at org.openqa.selenium.remote.RemoteWebElement.click(RemoteWebElement.java:76)
	at java.base/jdk.internal.reflect.DirectMethodHandleAccessor.invoke(DirectMethodHandleAccessor.java:103)
	at java.base/java.lang.reflect.Method.invoke(Method.java:580)
	at org.openqa.selenium.support.pagefactory.internal.LocatingElementHandler.invoke(LocatingElementHandler.java:51)
	at jdk.proxy2/jdk.proxy2.$Proxy19.click(Unknown Source)
	at pages.HomePage.selectLaptop(HomePage.java:77)
	at test.TC_003CartTest.pdoductfunctionality(TC_003CartTest.java:37)
	at java.base/jdk.internal.reflect.DirectMethodHandleAccessor.invoke(DirectMethodHandleAccessor.java:103)
	at java.base/java.lang.reflect.Method.invoke(Method.java:580)
	at org.testng.internal.invokers.MethodInvocationHelper.invokeMethod(MethodInvocationHelper.java:139)
	at org.testng.internal.invokers.TestInvoker.invokeMethod(TestInvoker.java:664)
	at org.testng.internal.invokers.TestInvoker.invokeTestMethod(TestInvoker.java:227)
	at org.testng.internal.invokers.MethodRunner.runInSequence(MethodRunner.java:50)
	at org.testng.internal.invokers.TestInvoker$MethodInvocationAgent.invoke(TestInvoker.java:957)
	at org.testng.internal.invokers.TestInvoker.invokeTestMethods(TestInvoker.java:200)
	at org.testng.internal.invokers.TestMethodWorker.invokeTestMethods(TestMethodWorker.java:148)
	at org.testng.internal.invokers.TestMethodWorker.run(TestMethodWorker.java:128)
	at java.base/java.util.ArrayList.forEach(ArrayList.java:1596)
	at org.testng.TestRunner.privateRun(TestRunner.java:848)
	at org.testng.TestRunner.run(TestRunner.java:621)
	at org.testng.SuiteRunner.runTest(SuiteRunner.java:443)
	at org.testng.SuiteRunner.runSequentially(SuiteRunner.java:437)
	at org.testng.SuiteRunner.privateRun(SuiteRunner.java:397)
	at org.testng.SuiteRunner.run(SuiteRunner.java:336)
	at org.testng.SuiteRunnerWorker.runSuite(SuiteRunnerWorker.java:52)
	at org.testng.SuiteRunnerWorker.run(SuiteRunnerWorker.java:95)
	at org.testng.TestNG.runSuitesSequentially(TestNG.java:1280)
	at org.testng.TestNG.runSuitesLocally(TestNG.java:1200)
	at org.testng.TestNG.runSuites(TestNG.java:1114)
	at org.testng.TestNG.run(TestNG.java:1082)
	at org.testng.remote.AbstractRemoteTestNG.run(AbstractRemoteTestNG.java:115)
	at org.testng.remote.RemoteTestNG.initAndRun(RemoteTestNG.java:293)
	at org.testng.remote.RemoteTestNG.main(RemoteTestNG.java:91)
</pre></div></td>
<td>10</td>
<td>test.TC_003CartTest@22fcf7ab</td></tr>
</table><p>
<table width='100%' border='1' class='invocation-passed'>
<tr><td colspan='4' align='center'><b>PASSED TESTS</b></td></tr>
<tr><td><b>Test method</b></td>
<td><b>Attribute(s)</b></td>
<td width="30%"><b>Exception</b></td>
<td width="10%"><b>Time (seconds)</b></td>
<td><b>Instance</b></td>
</tr>
<tr>
<td title='test.TC_001SignupTest.Emptyfield()'><b>Emptyfield</b><br>Test class: test.TC_001SignupTest</td>
<td></td>
<td>0</td>
<td>test.TC_001SignupTest@6200f9cb</td></tr>
<tr>
<td title='test.Tc_002LoginTest.login()'><b>login</b><br>Test class: test.Tc_002LoginTest<br>Parameters: Vaibha, Jeya123, Invalid user valid password, User does not exist.</td>
<td></td>
<td>1</td>
<td>test.Tc_002LoginTest@587e5365</td></tr>
<tr>
<td title='test.Tc_002LoginTest.login()'><b>login</b><br>Test class: test.Tc_002LoginTest<br>Parameters: , , login with empty field, Please fill out Username and Password.</td>
<td></td>
<td>0</td>
<td>test.Tc_002LoginTest@587e5365</td></tr>
<tr>
<td title='test.TC_004Payment.PurchasePayment()'><b>PurchasePayment</b><br>Test class: test.TC_004Payment<br>Parameters: Jeyasri, Jeya123, , , , , , , all field empty, Please fill out Name and Creditcard.</td>
<td></td>
<td>16</td>
<td>test.TC_004Payment@2de23121</td></tr>
<tr>
<td title='test.Tc_002LoginTest.login()'><b>login</b><br>Test class: test.Tc_002LoginTest<br>Parameters: sudgfd, surya12, invalid user Invalid password, User does not exist.</td>
<td></td>
<td>1</td>
<td>test.Tc_002LoginTest@587e5365</td></tr>
<tr>
<td title='test.TC_004Payment.PurchasePayment()'><b>PurchasePayment</b><br>Test class: test.TC_004Payment<br>Parameters: Jeyasri, Jeya123, , canada, ontario, 765478, 5, 2020, name  field empty, Please fill out Name and Creditcard.</td>
<td></td>
<td>16</td>
<td>test.TC_004Payment@2de23121</td></tr>
<tr>
<td title='test.Tc_002LoginTest.login()'><b>login</b><br>Test class: test.Tc_002LoginTest<br>Parameters: Jeyasri, Jeya123, valid user valid password, Welcome Jeyasri</td>
<td></td>
<td>2</td>
<td>test.Tc_002LoginTest@587e5365</td></tr>
<tr>
<td title='test.TC_001SignupTest.existinguser()'><b>existinguser</b><br>Test class: test.TC_001SignupTest</td>
<td></td>
<td>1</td>
<td>test.TC_001SignupTest@6200f9cb</td></tr>
<tr>
<td title='test.TC_004Payment.PurchasePayment()'><b>PurchasePayment</b><br>Test class: test.TC_004Payment<br>Parameters: Jeyasri, Jeya123, jhon, india, mysore, , 9, 2022, card field empty, Please fill out Name and Creditcard.</td>
<td></td>
<td>16</td>
<td>test.TC_004Payment@2de23121</td></tr>
<tr>
<td title='test.TC_001SignupTest.RegisterTest()'><b>RegisterTest</b><br>Test class: test.TC_001SignupTest</td>
<td></td>
<td>1</td>
<td>test.TC_001SignupTest@6200f9cb</td></tr>
<tr>
<td title='test.TC_004Payment.PurchasePayment()'><b>PurchasePayment</b><br>Test class: test.TC_004Payment<br>Parameters: Jeyasri, Jeya123, rio, india, chennai, 2376579, 3, 2021, positive, Thank you for your purchase!</td>
<td></td>
<td>16</td>
<td>test.TC_004Payment@2de23121</td></tr>
<tr>
<td title='test.TC_005LogoutTest.logoutfunction()'><b>logoutfunction</b><br>Test class: test.TC_005LogoutTest</td>
<td></td>
<td>6</td>
<td>test.TC_005LogoutTest@63475ace</td></tr>
<tr>
<td title='test.Tc_002LoginTest.login()'><b>login</b><br>Test class: test.Tc_002LoginTest<br>Parameters: Jeyasri, Jeya1, valid user Invalid password, Wrong password.</td>
<td></td>
<td>1</td>
<td>test.Tc_002LoginTest@587e5365</td></tr>
</table><p>
</body>
</html>